<?xml version="1.0" encoding="UTF-8"?>
<!-- Generated by org.testng.reporters.JUnitXMLReporter -->
<testsuite hostname="Harish" ignored="1" name="SmokeTest" tests="5" failures="0" timestamp="2021-12-29T10:26:18 IST" time="0.08" errors="0">
  <testcase name="deleteTwitter" time="0.009" classname="qaclickacademy.Mavenjava.RESTAPITest"/>
  <testcase name="postJira" time="0.0" classname="qaclickacademy.Mavenjava.RESTAPITest"/>
  <testcase name="IOS_APP" time="0.001" classname="qaclickacademy.Mavenjava.AppiumTest"/>
  <testcase name="BrowserAutomation" time="0.001" classname="qaclickacademy.Mavenjava.SeleniumTest"/>
  <testcase name="ElementsUI" time="0.0" classname="qaclickacademy.Mavenjava.SeleniumTest"/>
  <testcase name="NativeAndroidApp" time="0.0" classname="qaclickacademy.Mavenjava.AppiumTest">
    <ignored/>
  </testcase> <!-- NativeAndroidApp -->
</testsuite> <!-- SmokeTest -->
