<?xml version="1.0" encoding="UTF-8"?>
<testng-results skipped="0" failed="0" ignored="1" total="6" passed="5">
  <reporter-output>
  </reporter-output>
  <suite name="Suite_Smoke01" duration-ms="80" started-at="2021-12-29T10:26:18 IST" finished-at="2021-12-29T10:26:18 IST">
    <groups>
    </groups>
    <test name="SmokeTest" duration-ms="80" started-at="2021-12-29T10:26:18 IST" finished-at="2021-12-29T10:26:18 IST">
      <class name="qaclickacademy.Mavenjava.AppiumTest">
        <test-method status="PASS" signature="IOS_APP()[pri:0, instance:qaclickacademy.Mavenjava.AppiumTest@4e7dc304]" name="IOS_APP" duration-ms="1" started-at="2021-12-29T10:26:18 IST" finished-at="2021-12-29T10:26:18 IST">
          <reporter-output>
          </reporter-output>
        </test-method> <!-- IOS_APP -->
      </class> <!-- qaclickacademy.Mavenjava.AppiumTest -->
      <class name="qaclickacademy.Mavenjava.RESTAPITest">
        <test-method status="PASS" signature="deleteTwitter()[pri:0, instance:qaclickacademy.Mavenjava.RESTAPITest@614ddd49]" name="deleteTwitter" duration-ms="9" started-at="2021-12-29T10:26:18 IST" finished-at="2021-12-29T10:26:18 IST">
          <reporter-output>
          </reporter-output>
        </test-method> <!-- deleteTwitter -->
        <test-method status="PASS" signature="postJira()[pri:0, instance:qaclickacademy.Mavenjava.RESTAPITest@614ddd49]" name="postJira" duration-ms="0" started-at="2021-12-29T10:26:18 IST" finished-at="2021-12-29T10:26:18 IST">
          <reporter-output>
          </reporter-output>
        </test-method> <!-- postJira -->
      </class> <!-- qaclickacademy.Mavenjava.RESTAPITest -->
      <class name="qaclickacademy.Mavenjava.SeleniumTest">
        <test-method status="PASS" signature="BrowserAutomation()[pri:0, instance:qaclickacademy.Mavenjava.SeleniumTest@64729b1e]" name="BrowserAutomation" duration-ms="1" started-at="2021-12-29T10:26:18 IST" finished-at="2021-12-29T10:26:18 IST">
          <reporter-output>
          </reporter-output>
        </test-method> <!-- BrowserAutomation -->
        <test-method status="PASS" signature="ElementsUI()[pri:0, instance:qaclickacademy.Mavenjava.SeleniumTest@64729b1e]" name="ElementsUI" duration-ms="0" started-at="2021-12-29T10:26:18 IST" finished-at="2021-12-29T10:26:18 IST">
          <reporter-output>
          </reporter-output>
        </test-method> <!-- ElementsUI -->
      </class> <!-- qaclickacademy.Mavenjava.SeleniumTest -->
    </test> <!-- SmokeTest -->
  </suite> <!-- Suite_Smoke01 -->
</testng-results>
