<?xml version="1.0" encoding="UTF-8"?>
<testsuite xmlns:xsi="http://www.w3.org/2001/XMLSchema-instance" xsi:noNamespaceSchemaLocation="https://maven.apache.org/surefire/maven-surefire-plugin/xsd/surefire-test-report-3.0.xsd" version="3.0" name="TestSuite" time="1.244" tests="5" errors="0" skipped="0" failures="0">
  <properties>
[...]
</properties>
  <testcase name="deleteTwitter" classname="qaclickacademy.Mavenjava.RESTAPITest" time="0.01">
    <system-out><![CDATA[deleteTwitter
]]></system-out>
  </testcase>
  <testcase name="postJira" classname="qaclickacademy.Mavenjava.RESTAPITest" time="0.001">
    <system-out><![CDATA[postJira
]]></system-out>
  </testcase>
  <testcase name="IOS_APP" classname="qaclickacademy.Mavenjava.AppiumTest" time="0.005">
    <system-out><![CDATA[IOS_APP
]]></system-out>
  </testcase>
  <testcase name="BrowserAutomation" classname="qaclickacademy.Mavenjava.SeleniumTest" time="0.001">
    <system-out><![CDATA[Web Automation
]]></system-out>
  </testcase>
  <testcase name="ElementsUI" classname="qaclickacademy.Mavenjava.SeleniumTest" time="0">
    <system-out><![CDATA[Web UI Automation
]]></system-out>
  </testcase>
</testsuite>